# JRE version: OpenJDK Runtime Environment Corretto-17.0.11.9.1 (17.0.11+9) (build 17.0.11+9-LTS)
# Java VM: OpenJDK 64-Bit Server VM Corretto-17.0.11.9.1 (17.0.11+9-LTS, mixed mode, sharing, tiered, compressed oops, compressed class ptrs, g1 gc, windows-amd64)
GC Precious Log:
 CPUs: 4 total, 4 available
 Memory: 12167M
 Large Page Support: Disabled
 NUMA Support: Disabled
 Compressed Oops: Enabled (32-bit)
 Heap Region Size: 1M
 Heap Min Capacity: 256M
 Heap Initial Capacity: 256M
 Heap Max Capacity: 512M
 Pre-touch: Disabled
 Parallel Workers: 4
 Concurrent Workers: 1
 Concurrent Refinement Workers: 4
 Periodic GC: Disabled
Heap:
 garbage-first heap   total 262144K, used 60182K [0x00000000e0000000, 0x0000000100000000)
  region size 1024K, 4 young (4096K), 0 survivors (0K)
 Metaspace       used 69844K, committed 70848K, reserved 393216K
  class space    used 9812K, committed 10240K, reserved 327680K
GC Heap History (20 events):
Event: 8.251 GC heap before
{Heap before GC invocations=3 (full 0):
 garbage-first heap   total 262144K, used 133208K [0x00000000e0000000, 0x0000000100000000)
  region size 1024K, 120 young (122880K), 1 survivors (1024K)
 Metaspace       used 21211K, committed 21504K, reserved 393216K
  class space    used 3117K, committed 3264K, reserved 327680K
}
Event: 8.286 GC heap after
{Heap after GC invocations=4 (full 0):
 garbage-first heap   total 262144K, used 22650K [0x00000000e0000000, 0x0000000100000000)
  region size 1024K, 12 young (12288K), 12 survivors (12288K)
 Metaspace       used 21211K, committed 21504K, reserved 393216K
  class space    used 3117K, committed 3264K, reserved 327680K
}
Event: 16.742 GC heap before
{Heap before GC invocations=5 (full 0):
 garbage-first heap   total 262144K, used 140410K [0x00000000e0000000, 0x0000000100000000)
  region size 1024K, 123 young (125952K), 12 survivors (12288K)
 Metaspace       used 35163K, committed 35648K, reserved 393216K
  class space    used 4871K, committed 5120K, reserved 327680K
}
Event: 16.786 GC heap after
{Heap after GC invocations=6 (full 0):
 garbage-first heap   total 262144K, used 30908K [0x00000000e0000000, 0x0000000100000000)
  region size 1024K, 9 young (9216K), 9 survivors (9216K)
 Metaspace       used 35163K, committed 35648K, reserved 393216K
  class space    used 4871K, committed 5120K, reserved 327680K
}
Event: 16.935 GC heap before
{Heap before GC invocations=6 (full 0):
 garbage-first heap   total 262144K, used 33980K [0x00000000e0000000, 0x0000000100000000)
  region size 1024K, 12 young (12288K), 9 survivors (9216K)
 Metaspace       used 35313K, committed 35776K, reserved 393216K
  class space    used 4874K, committed 5120K, reserved 327680K
}
Event: 16.965 GC heap after
{Heap after GC invocations=7 (full 0):
 garbage-first heap   total 262144K, used 31088K [0x00000000e0000000, 0x0000000100000000)
  region size 1024K, 2 young (2048K), 2 survivors (2048K)
 Metaspace       used 35313K, committed 35776K, reserved 393216K
  class space    used 4874K, committed 5120K, reserved 327680K
}
Event: 17.024 GC heap before
{Heap before GC invocations=7 (full 0):
 garbage-first heap   total 262144K, used 33136K [0x00000000e0000000, 0x0000000100000000)
  region size 1024K, 4 young (4096K), 2 survivors (2048K)
 Metaspace       used 35543K, committed 35968K, reserved 393216K
  class space    used 4881K, committed 5120K, reserved 327680K
}
Event: 17.029 GC heap after
{Heap after GC invocations=8 (full 0):
 garbage-first heap   total 262144K, used 30929K [0x00000000e0000000, 0x0000000100000000)
  region size 1024K, 1 young (1024K), 1 survivors (1024K)
 Metaspace       used 35543K, committed 35968K, reserved 393216K
  class space    used 4881K, committed 5120K, reserved 327680K
}
Event: 25.557 GC heap before
{Heap before GC invocations=9 (full 0):
 garbage-first heap   total 262144K, used 197841K [0x00000000e0000000, 0x0000000100000000)
  region size 1024K, 153 young (156672K), 1 survivors (1024K)
 Metaspace       used 52422K, committed 52928K, reserved 393216K
  class space    used 7338K, committed 7552K, reserved 327680K
}
Event: 25.592 GC heap after
{Heap after GC invocations=10 (full 0):
 garbage-first heap   total 262144K, used 51452K [0x00000000e0000000, 0x0000000100000000)
  region size 1024K, 10 young (10240K), 10 survivors (10240K)
 Metaspace       used 52422K, committed 52928K, reserved 393216K
  class space    used 7338K, committed 7552K, reserved 327680K
}
Event: 25.676 GC heap before
{Heap before GC invocations=10 (full 0):
 garbage-first heap   total 262144K, used 52476K [0x00000000e0000000, 0x0000000100000000)
  region size 1024K, 12 young (12288K), 10 survivors (10240K)
 Metaspace       used 52565K, committed 53120K, reserved 393216K
  class space    used 7361K, committed 7616K, reserved 327680K
}
Event: 25.702 GC heap after
{Heap after GC invocations=11 (full 0):
 garbage-first heap   total 262144K, used 52493K [0x00000000e0000000, 0x0000000100000000)
  region size 1024K, 1 young (1024K), 1 survivors (1024K)
 Metaspace       used 52565K, committed 53120K, reserved 393216K
  class space    used 7361K, committed 7616K, reserved 327680K
}
Event: 30.548 GC heap before
{Heap before GC invocations=11 (full 0):
 garbage-first heap   total 262144K, used 145677K [0x00000000e0000000, 0x0000000100000000)
  region size 1024K, 94 young (96256K), 1 survivors (1024K)
 Metaspace       used 60305K, committed 60928K, reserved 393216K
  class space    used 8518K, committed 8768K, reserved 327680K
}
Event: 30.563 GC heap after
{Heap after GC invocations=12 (full 0):
 garbage-first heap   total 262144K, used 56197K [0x00000000e0000000, 0x0000000100000000)
  region size 1024K, 5 young (5120K), 5 survivors (5120K)
 Metaspace       used 60305K, committed 60928K, reserved 393216K
  class space    used 8518K, committed 8768K, reserved 327680K
}
Event: 1143.590 GC heap before
{Heap before GC invocations=13 (full 0):
 garbage-first heap   total 262144K, used 205701K [0x00000000e0000000, 0x0000000100000000)
  region size 1024K, 152 young (155648K), 5 survivors (5120K)
 Metaspace       used 69624K, committed 70400K, reserved 393216K
  class space    used 9852K, committed 10240K, reserved 327680K
}
Event: 1143.626 GC heap after
{Heap after GC invocations=14 (full 0):
 garbage-first heap   total 262144K, used 62733K [0x00000000e0000000, 0x0000000100000000)
  region size 1024K, 11 young (11264K), 11 survivors (11264K)
 Metaspace       used 69624K, committed 70400K, reserved 393216K
  class space    used 9852K, committed 10240K, reserved 327680K
}
Event: 1184.977 GC heap before
{Heap before GC invocations=14 (full 0):
 garbage-first heap   total 262144K, used 63757K [0x00000000e0000000, 0x0000000100000000)
  region size 1024K, 12 young (12288K), 11 survivors (11264K)
 Metaspace       used 69630K, committed 70400K, reserved 393216K
  class space    used 9854K, committed 10240K, reserved 327680K
}
Event: 1185.009 GC heap after
{Heap after GC invocations=15 (full 0):
 garbage-first heap   total 262144K, used 63712K [0x00000000e0000000, 0x0000000100000000)
  region size 1024K, 2 young (2048K), 2 survivors (2048K)
 Metaspace       used 69630K, committed 70400K, reserved 393216K
  class space    used 9854K, committed 10240K, reserved 327680K
}
Event: 6360.364 GC heap before
{Heap before GC invocations=15 (full 0):
 garbage-first heap   total 262144K, used 187616K [0x00000000e0000000, 0x0000000100000000)
  region size 1024K, 124 young (126976K), 2 survivors (2048K)
 Metaspace       used 70036K, committed 70848K, reserved 393216K
  class space    used 9858K, committed 10240K, reserved 327680K
}
Event: 6360.637 GC heap after
{Heap after GC invocations=16 (full 1):
 garbage-first heap   total 262144K, used 57110K [0x00000000e0000000, 0x0000000100000000)
  region size 1024K, 0 young (0K), 0 survivors (0K)
 Metaspace       used 69834K, committed 70848K, reserved 393216K
  class space    used 9811K, committed 10240K, reserved 327680K
}

